C:\Program Files (x86)\MSBuild\Microsoft.Cpp\v4.0\V140\Microsoft.CppBuild.targets(392,5): warning MSB8028: The intermediate directory (x64\Release\) contains files shared from another project (gls.vcxproj).  This can lead to incorrect clean and rebuild behavior.
  relative_scale.cpp
relative_scale.cpp(46): warning C4244: 'initializing': conversion from '__int64' to 'int', possible loss of data
relative_scale.cpp(77): warning C4244: 'initializing': conversion from '__int64' to 'int', possible loss of data
relative_scale.cpp(112): warning C4244: 'argument': conversion from 'Scalar' to 'Eigen::EigenBase<Derived>::Index', possible loss of data
          with
          [
              Derived=Eigen::Array<double,-1,3,0,-1,3>
          ]
relative_scale.cpp(113): warning C4244: 'argument': conversion from 'Scalar' to 'Eigen::EigenBase<Derived>::Index', possible loss of data
          with
          [
              Derived=Eigen::Map<Eigen::ArrayXd,0,Eigen::Stride<0,0>>
          ]
relative_scale.cpp(114): warning C4244: 'argument': conversion from 'Scalar' to 'Eigen::EigenBase<Derived>::Index', possible loss of data
          with
          [
              Derived=Eigen::Map<Eigen::ArrayXd,0,Eigen::Stride<0,0>>
          ]
relative_scale.cpp(115): warning C4244: 'argument': conversion from 'Scalar' to 'Eigen::EigenBase<Derived>::Index', possible loss of data
          with
          [
              Derived=Eigen::Map<Eigen::ArrayXd,0,Eigen::Stride<0,0>>
          ]
relative_scale.cpp(132): warning C4244: 'argument': conversion from 'Scalar' to 'Eigen::EigenBase<Derived>::Index', possible loss of data
          with
          [
              Derived=Eigen::Array<double,-1,3,0,-1,3>
          ]
relative_scale.cpp(133): warning C4244: 'argument': conversion from 'Scalar' to 'Eigen::EigenBase<Derived>::Index', possible loss of data
          with
          [
              Derived=Eigen::Map<Eigen::ArrayXd,0,Eigen::Stride<0,0>>
          ]
relative_scale.cpp(134): warning C4244: 'argument': conversion from 'Scalar' to 'Eigen::EigenBase<Derived>::Index', possible loss of data
          with
          [
              Derived=Eigen::Map<Eigen::ArrayXd,0,Eigen::Stride<0,0>>
          ]
relative_scale.cpp(135): warning C4244: 'argument': conversion from 'Scalar' to 'Eigen::EigenBase<Derived>::Index', possible loss of data
          with
          [
              Derived=Eigen::Map<Eigen::ArrayXd,0,Eigen::Stride<0,0>>
          ]
relative_scale.cpp(138): warning C4244: 'argument': conversion from 'Scalar' to 'Eigen::EigenBase<Derived>::Index', possible loss of data
          with
          [
              Derived=Eigen::Array<double,-1,3,0,-1,3>
          ]
relative_scale.cpp(140): warning C4244: 'argument': conversion from 'Scalar' to 'Eigen::EigenBase<Derived>::Index', possible loss of data
          with
          [
              Derived=Eigen::Array<double,-1,3,0,-1,3>
          ]
relative_scale.cpp(180): warning C4244: 'argument': conversion from 'Scalar' to 'Eigen::EigenBase<Derived>::Index', possible loss of data
          with
          [
              Derived=Eigen::Array<double,-1,3,0,-1,3>
          ]
relative_scale.cpp(181): warning C4244: 'argument': conversion from 'Scalar' to 'Eigen::EigenBase<Derived>::Index', possible loss of data
          with
          [
              Derived=Eigen::Map<Eigen::ArrayXd,0,Eigen::Stride<0,0>>
          ]
relative_scale.cpp(182): warning C4244: 'argument': conversion from 'Scalar' to 'Eigen::EigenBase<Derived>::Index', possible loss of data
          with
          [
              Derived=Eigen::Map<Eigen::ArrayXd,0,Eigen::Stride<0,0>>
          ]
relative_scale.cpp(183): warning C4244: 'argument': conversion from 'Scalar' to 'Eigen::EigenBase<Derived>::Index', possible loss of data
          with
          [
              Derived=Eigen::Map<Eigen::ArrayXd,0,Eigen::Stride<0,0>>
          ]
relative_scale.cpp(201): warning C4244: 'argument': conversion from 'Scalar' to 'Eigen::EigenBase<Derived>::Index', possible loss of data
          with
          [
              Derived=Eigen::Array<double,-1,3,0,-1,3>
          ]
relative_scale.cpp(202): warning C4244: 'argument': conversion from 'Scalar' to 'Eigen::EigenBase<Derived>::Index', possible loss of data
          with
          [
              Derived=Eigen::Map<Eigen::ArrayXd,0,Eigen::Stride<0,0>>
          ]
relative_scale.cpp(203): warning C4244: 'argument': conversion from 'Scalar' to 'Eigen::EigenBase<Derived>::Index', possible loss of data
          with
          [
              Derived=Eigen::Map<Eigen::ArrayXd,0,Eigen::Stride<0,0>>
          ]
relative_scale.cpp(204): warning C4244: 'argument': conversion from 'Scalar' to 'Eigen::EigenBase<Derived>::Index', possible loss of data
          with
          [
              Derived=Eigen::Map<Eigen::ArrayXd,0,Eigen::Stride<0,0>>
          ]
relative_scale.cpp(207): warning C4244: 'argument': conversion from 'Scalar' to 'Eigen::EigenBase<Derived>::Index', possible loss of data
          with
          [
              Derived=Eigen::Array<double,-1,3,0,-1,3>
          ]
relative_scale.cpp(209): warning C4244: 'argument': conversion from 'Scalar' to 'Eigen::EigenBase<Derived>::Index', possible loss of data
          with
          [
              Derived=Eigen::Array<double,-1,3,0,-1,3>
          ]
relative_scale.cpp(722): warning C4267: 'initializing': conversion from 'size_t' to 'int', possible loss of data
relative_scale.cpp(860): warning C4244: 'initializing': conversion from 'Eigen::EigenBase<Derived>::Index' to 'int', possible loss of data
          with
          [
              Derived=Eigen::Array<double,-1,3,0,-1,3>
          ]
relative_scale.cpp(861): warning C4244: 'initializing': conversion from 'Eigen::EigenBase<Derived>::Index' to 'int', possible loss of data
          with
          [
              Derived=Eigen::Array<double,-1,3,0,-1,3>
          ]
  Generating code
  213 of 8873 functions ( 2.4%) were compiled, the rest were copied from previous compilation.
    0 functions were new in current compilation
    46 functions had inline decision re-evaluated but remain unchanged
  Finished generating code
  gls.vcxproj -> C:\Registration\GLS\gls\x64\Release\compute_gls.exe
  gls.vcxproj -> C:\Registration\GLS\gls\x64\Release\compute_gls.pdb (Full PDB)
