  relative_scale.cpp
c:\registration\gls\gls\gls\relative_scale.cpp(46): warning C4244: 'initializing': conversion from '__int64' to 'int', possible loss of data
c:\registration\gls\gls\gls\relative_scale.cpp(77): warning C4244: 'initializing': conversion from '__int64' to 'int', possible loss of data
c:\registration\gls\gls\gls\relative_scale.cpp(112): warning C4244: 'argument': conversion from 'Scalar' to 'Eigen::EigenBase<Derived>::Index', possible loss of data
          with
          [
              Derived=Eigen::Array<double,-1,3,0,-1,3>
          ]
c:\registration\gls\gls\gls\relative_scale.cpp(113): warning C4244: 'argument': conversion from 'Scalar' to 'Eigen::EigenBase<Derived>::Index', possible loss of data
          with
          [
              Derived=Eigen::Map<Eigen::ArrayXd,0,Eigen::Stride<0,0>>
          ]
c:\registration\gls\gls\gls\relative_scale.cpp(114): warning C4244: 'argument': conversion from 'Scalar' to 'Eigen::EigenBase<Derived>::Index', possible loss of data
          with
          [
              Derived=Eigen::Map<Eigen::ArrayXd,0,Eigen::Stride<0,0>>
          ]
c:\registration\gls\gls\gls\relative_scale.cpp(115): warning C4244: 'argument': conversion from 'Scalar' to 'Eigen::EigenBase<Derived>::Index', possible loss of data
          with
          [
              Derived=Eigen::Map<Eigen::ArrayXd,0,Eigen::Stride<0,0>>
          ]
c:\registration\gls\gls\gls\relative_scale.cpp(132): warning C4244: 'argument': conversion from 'Scalar' to 'Eigen::EigenBase<Derived>::Index', possible loss of data
          with
          [
              Derived=Eigen::Array<double,-1,3,0,-1,3>
          ]
c:\registration\gls\gls\gls\relative_scale.cpp(133): warning C4244: 'argument': conversion from 'Scalar' to 'Eigen::EigenBase<Derived>::Index', possible loss of data
          with
          [
              Derived=Eigen::Map<Eigen::ArrayXd,0,Eigen::Stride<0,0>>
          ]
c:\registration\gls\gls\gls\relative_scale.cpp(134): warning C4244: 'argument': conversion from 'Scalar' to 'Eigen::EigenBase<Derived>::Index', possible loss of data
          with
          [
              Derived=Eigen::Map<Eigen::ArrayXd,0,Eigen::Stride<0,0>>
          ]
c:\registration\gls\gls\gls\relative_scale.cpp(135): warning C4244: 'argument': conversion from 'Scalar' to 'Eigen::EigenBase<Derived>::Index', possible loss of data
          with
          [
              Derived=Eigen::Map<Eigen::ArrayXd,0,Eigen::Stride<0,0>>
          ]
c:\registration\gls\gls\gls\relative_scale.cpp(138): warning C4244: 'argument': conversion from 'Scalar' to 'Eigen::EigenBase<Derived>::Index', possible loss of data
          with
          [
              Derived=Eigen::Array<double,-1,3,0,-1,3>
          ]
c:\registration\gls\gls\gls\relative_scale.cpp(140): warning C4244: 'argument': conversion from 'Scalar' to 'Eigen::EigenBase<Derived>::Index', possible loss of data
          with
          [
              Derived=Eigen::Array<double,-1,3,0,-1,3>
          ]
c:\registration\gls\gls\gls\relative_scale.cpp(180): warning C4244: 'argument': conversion from 'Scalar' to 'Eigen::EigenBase<Derived>::Index', possible loss of data
          with
          [
              Derived=Eigen::Array<double,-1,3,0,-1,3>
          ]
c:\registration\gls\gls\gls\relative_scale.cpp(181): warning C4244: 'argument': conversion from 'Scalar' to 'Eigen::EigenBase<Derived>::Index', possible loss of data
          with
          [
              Derived=Eigen::Map<Eigen::ArrayXd,0,Eigen::Stride<0,0>>
          ]
c:\registration\gls\gls\gls\relative_scale.cpp(182): warning C4244: 'argument': conversion from 'Scalar' to 'Eigen::EigenBase<Derived>::Index', possible loss of data
          with
          [
              Derived=Eigen::Map<Eigen::ArrayXd,0,Eigen::Stride<0,0>>
          ]
c:\registration\gls\gls\gls\relative_scale.cpp(183): warning C4244: 'argument': conversion from 'Scalar' to 'Eigen::EigenBase<Derived>::Index', possible loss of data
          with
          [
              Derived=Eigen::Map<Eigen::ArrayXd,0,Eigen::Stride<0,0>>
          ]
c:\registration\gls\gls\gls\relative_scale.cpp(201): warning C4244: 'argument': conversion from 'Scalar' to 'Eigen::EigenBase<Derived>::Index', possible loss of data
          with
          [
              Derived=Eigen::Array<double,-1,3,0,-1,3>
          ]
c:\registration\gls\gls\gls\relative_scale.cpp(202): warning C4244: 'argument': conversion from 'Scalar' to 'Eigen::EigenBase<Derived>::Index', possible loss of data
          with
          [
              Derived=Eigen::Map<Eigen::ArrayXd,0,Eigen::Stride<0,0>>
          ]
c:\registration\gls\gls\gls\relative_scale.cpp(203): warning C4244: 'argument': conversion from 'Scalar' to 'Eigen::EigenBase<Derived>::Index', possible loss of data
          with
          [
              Derived=Eigen::Map<Eigen::ArrayXd,0,Eigen::Stride<0,0>>
          ]
c:\registration\gls\gls\gls\relative_scale.cpp(204): warning C4244: 'argument': conversion from 'Scalar' to 'Eigen::EigenBase<Derived>::Index', possible loss of data
          with
          [
              Derived=Eigen::Map<Eigen::ArrayXd,0,Eigen::Stride<0,0>>
          ]
c:\registration\gls\gls\gls\relative_scale.cpp(207): warning C4244: 'argument': conversion from 'Scalar' to 'Eigen::EigenBase<Derived>::Index', possible loss of data
          with
          [
              Derived=Eigen::Array<double,-1,3,0,-1,3>
          ]
c:\registration\gls\gls\gls\relative_scale.cpp(209): warning C4244: 'argument': conversion from 'Scalar' to 'Eigen::EigenBase<Derived>::Index', possible loss of data
          with
          [
              Derived=Eigen::Array<double,-1,3,0,-1,3>
          ]
c:\registration\gls\gls\gls\relative_scale.cpp(846): warning C4244: 'initializing': conversion from 'Eigen::EigenBase<Derived>::Index' to 'int', possible loss of data
          with
          [
              Derived=Eigen::Array<double,-1,3,0,-1,3>
          ]
c:\registration\gls\gls\gls\relative_scale.cpp(847): warning C4244: 'initializing': conversion from 'Eigen::EigenBase<Derived>::Index' to 'int', possible loss of data
          with
          [
              Derived=Eigen::Array<double,-1,3,0,-1,3>
          ]
  ransac_scheme.cpp
  matching_prioritization.cpp
  compute_gls.cpp
  IO.cpp
  Generating Code...
  gls.vcxproj -> C:\Registration\GLS\gls\x64\Debug\compute_gls.exe
  gls.vcxproj -> C:\Registration\GLS\gls\x64\Debug\compute_gls.pdb (Full PDB)
